<?xml version="1.0" encoding="UTF-8"?>
<!-- Generated by org.testng.reporters.JUnitReportReporter -->
<testsuite skipped="0" hostname="XTV-BMURUGANK" name="testProject.Mavenjava.SeleniumTest" tests="2" failures="0" timestamp="2021-12-28T15:29:27 IST" time="0.001" errors="0">
  <testcase name="BrowserAutomation" time="0.001" classname="testProject.Mavenjava.SeleniumTest"/>
  <system-out/>
  <testcase name="ElemetsUi" time="0.000" classname="testProject.Mavenjava.SeleniumTest"/>
  <system-out/>
</testsuite> <!-- testProject.Mavenjava.SeleniumTest -->
