<?xml version="1.0" encoding="UTF-8"?>
<!-- Generated by org.testng.reporters.JUnitReportReporter -->
<testsuite skipped="0" hostname="XTV-BMURUGANK" name="testProject.Mavenjava.AppiumTest" tests="2" failures="0" timestamp="2021-12-28T15:29:27 IST" time="0.007" errors="0">
  <testcase name="NativeAppIOS" time="0.000" classname="testProject.Mavenjava.AppiumTest"/>
  <system-out/>
  <testcase name="NativeAppAndroid" time="0.007" classname="testProject.Mavenjava.AppiumTest"/>
  <system-out/>
</testsuite> <!-- testProject.Mavenjava.AppiumTest -->
