<?xml version="1.0" encoding="UTF-8"?>
<!-- Generated by org.testng.reporters.JUnitReportReporter -->
<testsuite skipped="0" hostname="XTV-BMURUGANK" name="testProject.Mavenjava.RestAPITest" tests="2" failures="0" timestamp="2021-12-28T15:29:27 IST" time="0.001" errors="0">
  <testcase name="DeleteTwitter" time="0.000" classname="testProject.Mavenjava.RestAPITest"/>
  <system-out/>
  <testcase name="PosrJira" time="0.001" classname="testProject.Mavenjava.RestAPITest"/>
  <system-out/>
</testsuite> <!-- testProject.Mavenjava.RestAPITest -->
